<?xml version="1.0" encoding="UTF-8"?>
<testng-results ignored="0" total="1" passed="1" failed="0" skipped="0">
  <reporter-output>
  </reporter-output>
  <suite started-at="2023-09-11T16:48:48 IST" name="Default suite" finished-at="2023-09-11T16:49:09 IST" duration-ms="21674">
    <groups>
    </groups>
    <test started-at="2023-09-11T16:48:48 IST" name="Default test" finished-at="2023-09-11T16:49:09 IST" duration-ms="21674">
      <class name="TestCases.VerifySignup">
        <test-method signature="signup()[pri:0, instance:TestCases.VerifySignup@31304f14]" started-at="2023-09-11T16:48:48 IST" name="signup" finished-at="2023-09-11T16:49:09 IST" duration-ms="21585" status="PASS">
          <reporter-output>
          </reporter-output>
        </test-method> <!-- signup -->
      </class> <!-- TestCases.VerifySignup -->
    </test> <!-- Default test -->
  </suite> <!-- Default suite -->
</testng-results>
